# JRE version: Java(TM) SE Runtime Environment (8.0_101-b13) (build 1.8.0_101-b13)
# Java VM: Java HotSpot(TM) 64-Bit Server VM (25.101-b13 mixed mode linux-amd64 compressed oops)
Heap:
 par new generation   total 78656K, used 11371K [0x00000000b0000000, 0x00000000b5550000, 0x00000000c4cc0000)
  eden space 69952K,  13% used [0x00000000b0000000, 0x00000000b0972a68, 0x00000000b4450000)
  from space 8704K,  19% used [0x00000000b4cd0000, 0x00000000b4e782a8, 0x00000000b5550000)
  to   space 8704K,   0% used [0x00000000b4450000, 0x00000000b4450000, 0x00000000b4cd0000)
 concurrent mark-sweep generation total 240644K, used 174195K [0x00000000c4cc0000, 0x00000000d37c1000, 0x0000000100000000)
 Metaspace       used 132663K, capacity 134864K, committed 135156K, reserved 1163264K
  class space    used 20497K, capacity 21137K, committed 21236K, reserved 1048576K
GC Heap History (10 events):
Event: 4810.660 GC heap before
{Heap before GC invocations=34 (full 5):
 par new generation   total 78656K, used 71279K [0x00000000b0000000, 0x00000000b5550000, 0x00000000c4cc0000)
  eden space 69952K, 100% used [0x00000000b0000000, 0x00000000b4450000, 0x00000000b4450000)
  from space 8704K,  15% used [0x00000000b4450000, 0x00000000b459be28, 0x00000000b4cd0000)
  to   space 8704K,   0% used [0x00000000b4cd0000, 0x00000000b4cd0000, 0x00000000b5550000)
 concurrent mark-sweep generation total 240644K, used 173407K [0x00000000c4cc0000, 0x00000000d37c1000, 0x0000000100000000)
 Metaspace       used 132516K, capacity 134672K, committed 135156K, reserved 1163264K
  class space    used 20492K, capacity 21137K, committed 21236K, reserved 1048576K
Event: 4810.847 GC heap after
Heap after GC invocations=35 (full 5):
 par new generation   total 78656K, used 1554K [0x00000000b0000000, 0x00000000b5550000, 0x00000000c4cc0000)
  eden space 69952K,   0% used [0x00000000b0000000, 0x00000000b0000000, 0x00000000b4450000)
  from space 8704K,  17% used [0x00000000b4cd0000, 0x00000000b4e54be8, 0x00000000b5550000)
  to   space 8704K,   0% used [0x00000000b4450000, 0x00000000b4450000, 0x00000000b4cd0000)
 concurrent mark-sweep generation total 240644K, used 173407K [0x00000000c4cc0000, 0x00000000d37c1000, 0x0000000100000000)
 Metaspace       used 132516K, capacity 134672K, committed 135156K, reserved 1163264K
  class space    used 20492K, capacity 21137K, committed 21236K, reserved 1048576K
}
Event: 5867.434 GC heap before
{Heap before GC invocations=35 (full 5):
 par new generation   total 78656K, used 71506K [0x00000000b0000000, 0x00000000b5550000, 0x00000000c4cc0000)
  eden space 69952K, 100% used [0x00000000b0000000, 0x00000000b4450000, 0x00000000b4450000)
  from space 8704K,  17% used [0x00000000b4cd0000, 0x00000000b4e54be8, 0x00000000b5550000)
  to   space 8704K,   0% used [0x00000000b4450000, 0x00000000b4450000, 0x00000000b4cd0000)
 concurrent mark-sweep generation total 240644K, used 173407K [0x00000000c4cc0000, 0x00000000d37c1000, 0x0000000100000000)
 Metaspace       used 132539K, capacity 134736K, committed 135156K, reserved 1163264K
  class space    used 20492K, capacity 21137K, committed 21236K, reserved 1048576K
Event: 5868.365 GC heap after
Heap after GC invocations=36 (full 5):
 par new generation   total 78656K, used 1701K [0x00000000b0000000, 0x00000000b5550000, 0x00000000c4cc0000)
  eden space 69952K,   0% used [0x00000000b0000000, 0x00000000b0000000, 0x00000000b4450000)
  from space 8704K,  19% used [0x00000000b4450000, 0x00000000b45f97b8, 0x00000000b4cd0000)
  to   space 8704K,   0% used [0x00000000b4cd0000, 0x00000000b4cd0000, 0x00000000b5550000)
 concurrent mark-sweep generation total 240644K, used 173407K [0x00000000c4cc0000, 0x00000000d37c1000, 0x0000000100000000)
 Metaspace       used 132539K, capacity 134736K, committed 135156K, reserved 1163264K
  class space    used 20492K, capacity 21137K, committed 21236K, reserved 1048576K
}
Event: 6931.044 GC heap before
{Heap before GC invocations=36 (full 5):
 par new generation   total 78656K, used 71653K [0x00000000b0000000, 0x00000000b5550000, 0x00000000c4cc0000)
  eden space 69952K, 100% used [0x00000000b0000000, 0x00000000b4450000, 0x00000000b4450000)
  from space 8704K,  19% used [0x00000000b4450000, 0x00000000b45f97b8, 0x00000000b4cd0000)
  to   space 8704K,   0% used [0x00000000b4cd0000, 0x00000000b4cd0000, 0x00000000b5550000)
 concurrent mark-sweep generation total 240644K, used 173407K [0x00000000c4cc0000, 0x00000000d37c1000, 0x0000000100000000)
 Metaspace       used 132542K, capacity 134736K, committed 135156K, reserved 1163264K
  class space    used 20492K, capacity 21137K, committed 21236K, reserved 1048576K
Event: 6932.434 GC heap after
Heap after GC invocations=37 (full 5):
 par new generation   total 78656K, used 1605K [0x00000000b0000000, 0x00000000b5550000, 0x00000000c4cc0000)
  eden space 69952K,   0% used [0x00000000b0000000, 0x00000000b0000000, 0x00000000b4450000)
  from space 8704K,  18% used [0x00000000b4cd0000, 0x00000000b4e61400, 0x00000000b5550000)
  to   space 8704K,   0% used [0x00000000b4450000, 0x00000000b4450000, 0x00000000b4cd0000)
 concurrent mark-sweep generation total 240644K, used 173986K [0x00000000c4cc0000, 0x00000000d37c1000, 0x0000000100000000)
 Metaspace       used 132542K, capacity 134736K, committed 135156K, reserved 1163264K
  class space    used 20492K, capacity 21137K, committed 21236K, reserved 1048576K
}
Event: 7988.893 GC heap before
{Heap before GC invocations=37 (full 5):
 par new generation   total 78656K, used 71557K [0x00000000b0000000, 0x00000000b5550000, 0x00000000c4cc0000)
  eden space 69952K, 100% used [0x00000000b0000000, 0x00000000b4450000, 0x00000000b4450000)
  from space 8704K,  18% used [0x00000000b4cd0000, 0x00000000b4e61400, 0x00000000b5550000)
  to   space 8704K,   0% used [0x00000000b4450000, 0x00000000b4450000, 0x00000000b4cd0000)
 concurrent mark-sweep generation total 240644K, used 173986K [0x00000000c4cc0000, 0x00000000d37c1000, 0x0000000100000000)
 Metaspace       used 132561K, capacity 134736K, committed 135156K, reserved 1163264K
  class space    used 20492K, capacity 21137K, committed 21236K, reserved 1048576K
Event: 7988.982 GC heap after
Heap after GC invocations=38 (full 5):
 par new generation   total 78656K, used 900K [0x00000000b0000000, 0x00000000b5550000, 0x00000000c4cc0000)
  eden space 69952K,   0% used [0x00000000b0000000, 0x00000000b0000000, 0x00000000b4450000)
  from space 8704K,  10% used [0x00000000b4450000, 0x00000000b45310e8, 0x00000000b4cd0000)
  to   space 8704K,   0% used [0x00000000b4cd0000, 0x00000000b4cd0000, 0x00000000b5550000)
 concurrent mark-sweep generation total 240644K, used 174096K [0x00000000c4cc0000, 0x00000000d37c1000, 0x0000000100000000)
 Metaspace       used 132561K, capacity 134736K, committed 135156K, reserved 1163264K
  class space    used 20492K, capacity 21137K, committed 21236K, reserved 1048576K
}
Event: 8872.167 GC heap before
{Heap before GC invocations=38 (full 5):
 par new generation   total 78656K, used 70852K [0x00000000b0000000, 0x00000000b5550000, 0x00000000c4cc0000)
  eden space 69952K, 100% used [0x00000000b0000000, 0x00000000b4450000, 0x00000000b4450000)
  from space 8704K,  10% used [0x00000000b4450000, 0x00000000b45310e8, 0x00000000b4cd0000)
  to   space 8704K,   0% used [0x00000000b4cd0000, 0x00000000b4cd0000, 0x00000000b5550000)
 concurrent mark-sweep generation total 240644K, used 174096K [0x00000000c4cc0000, 0x00000000d37c1000, 0x0000000100000000)
 Metaspace       used 132621K, capacity 134864K, committed 135156K, reserved 1163264K
  class space    used 20495K, capacity 21137K, committed 21236K, reserved 1048576K
Event: 8872.316 GC heap after
Heap after GC invocations=39 (full 5):
 par new generation   total 78656K, used 1696K [0x00000000b0000000, 0x00000000b5550000, 0x00000000c4cc0000)
  eden space 69952K,   0% used [0x00000000b0000000, 0x00000000b0000000, 0x00000000b4450000)
  from space 8704K,  19% used [0x00000000b4cd0000, 0x00000000b4e782a8, 0x00000000b5550000)
  to   space 8704K,   0% used [0x00000000b4450000, 0x00000000b4450000, 0x00000000b4cd0000)
 concurrent mark-sweep generation total 240644K, used 174195K [0x00000000c4cc0000, 0x00000000d37c1000, 0x0000000100000000)
 Metaspace       used 132621K, capacity 134864K, committed 135156K, reserved 1163264K
  class space    used 20495K, capacity 21137K, committed 21236K, reserved 1048576K
}

