# JRE version: Java(TM) SE Runtime Environment (8.0_101-b13) (build 1.8.0_101-b13)
# Java VM: Java HotSpot(TM) 64-Bit Server VM (25.101-b13 mixed mode linux-amd64 compressed oops)
Heap:
 par new generation   total 78656K, used 71026K [0x00000000b0000000, 0x00000000b5550000, 0x00000000c4cc0000)
  eden space 69952K,  93% used [0x00000000b0000000, 0x00000000b3fd84d0, 0x00000000b4450000)
  from space 8704K,  64% used [0x00000000b4450000, 0x00000000b49d45a0, 0x00000000b4cd0000)
  to   space 8704K,   0% used [0x00000000b4cd0000, 0x00000000b4cd0000, 0x00000000b5550000)
 concurrent mark-sweep generation total 631448K, used 377443K [0x00000000c4cc0000, 0x00000000eb566000, 0x0000000100000000)
 Metaspace       used 182131K, capacity 185150K, committed 200708K, reserved 1222656K
  class space    used 24545K, capacity 25444K, committed 28280K, reserved 1048576K
GC Heap History (10 events):
Event: 5591.129 GC heap before
{Heap before GC invocations=909 (full 96):
 par new generation   total 78656K, used 77696K [0x00000000b0000000, 0x00000000b5550000, 0x00000000c4cc0000)
  eden space 69952K, 100% used [0x00000000b0000000, 0x00000000b4450000, 0x00000000b4450000)
  from space 8704K,  88% used [0x00000000b4cd0000, 0x00000000b5460008, 0x00000000b5550000)
  to   space 8704K,   0% used [0x00000000b4450000, 0x00000000b4450000, 0x00000000b4cd0000)
 concurrent mark-sweep generation total 631448K, used 376155K [0x00000000c4cc0000, 0x00000000eb566000, 0x0000000100000000)
 Metaspace       used 182103K, capacity 185150K, committed 200708K, reserved 1222656K
  class space    used 24542K, capacity 25444K, committed 28280K, reserved 1048576K
Event: 5591.143 GC heap after
Heap after GC invocations=910 (full 96):
 par new generation   total 78656K, used 3545K [0x00000000b0000000, 0x00000000b5550000, 0x00000000c4cc0000)
  eden space 69952K,   0% used [0x00000000b0000000, 0x00000000b0000000, 0x00000000b4450000)
  from space 8704K,  40% used [0x00000000b4450000, 0x00000000b47c66a0, 0x00000000b4cd0000)
  to   space 8704K,   0% used [0x00000000b4cd0000, 0x00000000b4cd0000, 0x00000000b5550000)
 concurrent mark-sweep generation total 631448K, used 377443K [0x00000000c4cc0000, 0x00000000eb566000, 0x0000000100000000)
 Metaspace       used 182103K, capacity 185150K, committed 200708K, reserved 1222656K
  class space    used 24542K, capacity 25444K, committed 28280K, reserved 1048576K
}
Event: 5591.567 GC heap before
{Heap before GC invocations=910 (full 96):
 par new generation   total 78656K, used 73497K [0x00000000b0000000, 0x00000000b5550000, 0x00000000c4cc0000)
  eden space 69952K, 100% used [0x00000000b0000000, 0x00000000b4450000, 0x00000000b4450000)
  from space 8704K,  40% used [0x00000000b4450000, 0x00000000b47c66a0, 0x00000000b4cd0000)
  to   space 8704K,   0% used [0x00000000b4cd0000, 0x00000000b4cd0000, 0x00000000b5550000)
 concurrent mark-sweep generation total 631448K, used 377443K [0x00000000c4cc0000, 0x00000000eb566000, 0x0000000100000000)
 Metaspace       used 182103K, capacity 185150K, committed 200708K, reserved 1222656K
  class space    used 24542K, capacity 25444K, committed 28280K, reserved 1048576K
Event: 5591.578 GC heap after
Heap after GC invocations=911 (full 96):
 par new generation   total 78656K, used 4021K [0x00000000b0000000, 0x00000000b5550000, 0x00000000c4cc0000)
  eden space 69952K,   0% used [0x00000000b0000000, 0x00000000b0000000, 0x00000000b4450000)
  from space 8704K,  46% used [0x00000000b4cd0000, 0x00000000b50bd588, 0x00000000b5550000)
  to   space 8704K,   0% used [0x00000000b4450000, 0x00000000b4450000, 0x00000000b4cd0000)
 concurrent mark-sweep generation total 631448K, used 377443K [0x00000000c4cc0000, 0x00000000eb566000, 0x0000000100000000)
 Metaspace       used 182103K, capacity 185150K, committed 200708K, reserved 1222656K
  class space    used 24542K, capacity 25444K, committed 28280K, reserved 1048576K
}
Event: 5593.505 GC heap before
{Heap before GC invocations=911 (full 96):
 par new generation   total 78656K, used 73509K [0x00000000b0000000, 0x00000000b5550000, 0x00000000c4cc0000)
  eden space 69952K,  99% used [0x00000000b0000000, 0x00000000b43dc1f8, 0x00000000b4450000)
  from space 8704K,  46% used [0x00000000b4cd0000, 0x00000000b50bd588, 0x00000000b5550000)
  to   space 8704K,   0% used [0x00000000b4450000, 0x00000000b4450000, 0x00000000b4cd0000)
 concurrent mark-sweep generation total 631448K, used 377443K [0x00000000c4cc0000, 0x00000000eb566000, 0x0000000100000000)
 Metaspace       used 182105K, capacity 185150K, committed 200708K, reserved 1222656K
  class space    used 24542K, capacity 25444K, committed 28280K, reserved 1048576K
Event: 5593.511 GC heap after
Heap after GC invocations=912 (full 96):
 par new generation   total 78656K, used 2555K [0x00000000b0000000, 0x00000000b5550000, 0x00000000c4cc0000)
  eden space 69952K,   0% used [0x00000000b0000000, 0x00000000b0000000, 0x00000000b4450000)
  from space 8704K,  29% used [0x00000000b4450000, 0x00000000b46ced90, 0x00000000b4cd0000)
  to   space 8704K,   0% used [0x00000000b4cd0000, 0x00000000b4cd0000, 0x00000000b5550000)
 concurrent mark-sweep generation total 631448K, used 377443K [0x00000000c4cc0000, 0x00000000eb566000, 0x0000000100000000)
 Metaspace       used 182105K, capacity 185150K, committed 200708K, reserved 1222656K
  class space    used 24542K, capacity 25444K, committed 28280K, reserved 1048576K
}
Event: 5597.813 GC heap before
{Heap before GC invocations=912 (full 96):
 par new generation   total 78656K, used 72507K [0x00000000b0000000, 0x00000000b5550000, 0x00000000c4cc0000)
  eden space 69952K, 100% used [0x00000000b0000000, 0x00000000b4450000, 0x00000000b4450000)
  from space 8704K,  29% used [0x00000000b4450000, 0x00000000b46ced90, 0x00000000b4cd0000)
  to   space 8704K,   0% used [0x00000000b4cd0000, 0x00000000b4cd0000, 0x00000000b5550000)
 concurrent mark-sweep generation total 631448K, used 377443K [0x00000000c4cc0000, 0x00000000eb566000, 0x0000000100000000)
 Metaspace       used 182108K, capacity 185150K, committed 200708K, reserved 1222656K
  class space    used 24542K, capacity 25444K, committed 28280K, reserved 1048576K
Event: 5597.821 GC heap after
Heap after GC invocations=913 (full 96):
 par new generation   total 78656K, used 1935K [0x00000000b0000000, 0x00000000b5550000, 0x00000000c4cc0000)
  eden space 69952K,   0% used [0x00000000b0000000, 0x00000000b0000000, 0x00000000b4450000)
  from space 8704K,  22% used [0x00000000b4cd0000, 0x00000000b4eb3ec0, 0x00000000b5550000)
  to   space 8704K,   0% used [0x00000000b4450000, 0x00000000b4450000, 0x00000000b4cd0000)
 concurrent mark-sweep generation total 631448K, used 377443K [0x00000000c4cc0000, 0x00000000eb566000, 0x0000000100000000)
 Metaspace       used 182108K, capacity 185150K, committed 200708K, reserved 1222656K
  class space    used 24542K, capacity 25444K, committed 28280K, reserved 1048576K
}
Event: 5598.196 GC heap before
{Heap before GC invocations=913 (full 96):
 par new generation   total 78656K, used 71887K [0x00000000b0000000, 0x00000000b5550000, 0x00000000c4cc0000)
  eden space 69952K, 100% used [0x00000000b0000000, 0x00000000b4450000, 0x00000000b4450000)
  from space 8704K,  22% used [0x00000000b4cd0000, 0x00000000b4eb3ec0, 0x00000000b5550000)
  to   space 8704K,   0% used [0x00000000b4450000, 0x00000000b4450000, 0x00000000b4cd0000)
 concurrent mark-sweep generation total 631448K, used 377443K [0x00000000c4cc0000, 0x00000000eb566000, 0x0000000100000000)
 Metaspace       used 182108K, capacity 185150K, committed 200708K, reserved 1222656K
  class space    used 24542K, capacity 25444K, committed 28280K, reserved 1048576K
Event: 5598.207 GC heap after
Heap after GC invocations=914 (full 96):
 par new generation   total 78656K, used 5649K [0x00000000b0000000, 0x00000000b5550000, 0x00000000c4cc0000)
  eden space 69952K,   0% used [0x00000000b0000000, 0x00000000b0000000, 0x00000000b4450000)
  from space 8704K,  64% used [0x00000000b4450000, 0x00000000b49d45a0, 0x00000000b4cd0000)
  to   space 8704K,   0% used [0x00000000b4cd0000, 0x00000000b4cd0000, 0x00000000b5550000)
 concurrent mark-sweep generation total 631448K, used 377443K [0x00000000c4cc0000, 0x00000000eb566000, 0x0000000100000000)
 Metaspace       used 182108K, capacity 185150K, committed 200708K, reserved 1222656K
  class space    used 24542K, capacity 25444K, committed 28280K, reserved 1048576K
}

